CRITICAL - 2024-05-24 07:10:22 --> CodeIgniter\View\Exceptions\ViewException: Invalid file: "news/add.php"
[Method: GET, Route: news/add]
in SYSTEMPATH\Exceptions\FrameworkException.php on line 41.
 1 SYSTEMPATH\View\View.php(222): CodeIgniter\Exceptions\FrameworkException::forInvalidFile('news/add.php')
 2 SYSTEMPATH\Common.php(1171): CodeIgniter\View\View->render('news/add', [], true)
 3 APPPATH\Controllers\NewsController.php(33): view('news/add')
 4 SYSTEMPATH\CodeIgniter.php(933): App\Controllers\NewsController->add()
 5 SYSTEMPATH\CodeIgniter.php(509): CodeIgniter\CodeIgniter->runController(Object(App\Controllers\NewsController))
 6 SYSTEMPATH\CodeIgniter.php(355): CodeIgniter\CodeIgniter->handleRequest(null, Object(Config\Cache), false)
 7 SYSTEMPATH\Boot.php(312): CodeIgniter\CodeIgniter->run()
 8 SYSTEMPATH\Boot.php(67): CodeIgniter\Boot::runCodeIgniter(Object(CodeIgniter\CodeIgniter))
 9 FCPATH\index.php(56): CodeIgniter\Boot::bootWeb(Object(Config\Paths))
CRITICAL - 2024-05-24 07:10:26 --> CodeIgniter\View\Exceptions\ViewException: Invalid file: "news/add.php"
[Method: GET, Route: news/add]
in SYSTEMPATH\Exceptions\FrameworkException.php on line 41.
 1 SYSTEMPATH\View\View.php(222): CodeIgniter\Exceptions\FrameworkException::forInvalidFile('news/add.php')
 2 SYSTEMPATH\Common.php(1171): CodeIgniter\View\View->render('news/add', [], true)
 3 APPPATH\Controllers\NewsController.php(33): view('news/add')
 4 SYSTEMPATH\CodeIgniter.php(933): App\Controllers\NewsController->add()
 5 SYSTEMPATH\CodeIgniter.php(509): CodeIgniter\CodeIgniter->runController(Object(App\Controllers\NewsController))
 6 SYSTEMPATH\CodeIgniter.php(355): CodeIgniter\CodeIgniter->handleRequest(null, Object(Config\Cache), false)
 7 SYSTEMPATH\Boot.php(312): CodeIgniter\CodeIgniter->run()
 8 SYSTEMPATH\Boot.php(67): CodeIgniter\Boot::runCodeIgniter(Object(CodeIgniter\CodeIgniter))
 9 FCPATH\index.php(56): CodeIgniter\Boot::bootWeb(Object(Config\Paths))
CRITICAL - 2024-05-24 07:11:00 --> CodeIgniter\View\Exceptions\ViewException: Invalid file: "news/add.php"
[Method: GET, Route: news/add]
in SYSTEMPATH\Exceptions\FrameworkException.php on line 41.
 1 SYSTEMPATH\View\View.php(222): CodeIgniter\Exceptions\FrameworkException::forInvalidFile('news/add.php')
 2 SYSTEMPATH\Common.php(1171): CodeIgniter\View\View->render('news/add', [], true)
 3 APPPATH\Controllers\NewsController.php(33): view('news/add')
 4 SYSTEMPATH\CodeIgniter.php(933): App\Controllers\NewsController->add()
 5 SYSTEMPATH\CodeIgniter.php(509): CodeIgniter\CodeIgniter->runController(Object(App\Controllers\NewsController))
 6 SYSTEMPATH\CodeIgniter.php(355): CodeIgniter\CodeIgniter->handleRequest(null, Object(Config\Cache), false)
 7 SYSTEMPATH\Boot.php(312): CodeIgniter\CodeIgniter->run()
 8 SYSTEMPATH\Boot.php(67): CodeIgniter\Boot::runCodeIgniter(Object(CodeIgniter\CodeIgniter))
 9 FCPATH\index.php(56): CodeIgniter\Boot::bootWeb(Object(Config\Paths))
CRITICAL - 2024-05-24 07:11:03 --> CodeIgniter\View\Exceptions\ViewException: Invalid file: "news/add.php"
[Method: GET, Route: news/add]
in SYSTEMPATH\Exceptions\FrameworkException.php on line 41.
 1 SYSTEMPATH\View\View.php(222): CodeIgniter\Exceptions\FrameworkException::forInvalidFile('news/add.php')
 2 SYSTEMPATH\Common.php(1171): CodeIgniter\View\View->render('news/add', [], true)
 3 APPPATH\Controllers\NewsController.php(33): view('news/add')
 4 SYSTEMPATH\CodeIgniter.php(933): App\Controllers\NewsController->add()
 5 SYSTEMPATH\CodeIgniter.php(509): CodeIgniter\CodeIgniter->runController(Object(App\Controllers\NewsController))
 6 SYSTEMPATH\CodeIgniter.php(355): CodeIgniter\CodeIgniter->handleRequest(null, Object(Config\Cache), false)
 7 SYSTEMPATH\Boot.php(312): CodeIgniter\CodeIgniter->run()
 8 SYSTEMPATH\Boot.php(67): CodeIgniter\Boot::runCodeIgniter(Object(CodeIgniter\CodeIgniter))
 9 FCPATH\index.php(56): CodeIgniter\Boot::bootWeb(Object(Config\Paths))
CRITICAL - 2024-05-24 07:11:04 --> CodeIgniter\View\Exceptions\ViewException: Invalid file: "news/add.php"
[Method: GET, Route: news/add]
in SYSTEMPATH\Exceptions\FrameworkException.php on line 41.
 1 SYSTEMPATH\View\View.php(222): CodeIgniter\Exceptions\FrameworkException::forInvalidFile('news/add.php')
 2 SYSTEMPATH\Common.php(1171): CodeIgniter\View\View->render('news/add', [], true)
 3 APPPATH\Controllers\NewsController.php(33): view('news/add')
 4 SYSTEMPATH\CodeIgniter.php(933): App\Controllers\NewsController->add()
 5 SYSTEMPATH\CodeIgniter.php(509): CodeIgniter\CodeIgniter->runController(Object(App\Controllers\NewsController))
 6 SYSTEMPATH\CodeIgniter.php(355): CodeIgniter\CodeIgniter->handleRequest(null, Object(Config\Cache), false)
 7 SYSTEMPATH\Boot.php(312): CodeIgniter\CodeIgniter->run()
 8 SYSTEMPATH\Boot.php(67): CodeIgniter\Boot::runCodeIgniter(Object(CodeIgniter\CodeIgniter))
 9 FCPATH\index.php(56): CodeIgniter\Boot::bootWeb(Object(Config\Paths))
CRITICAL - 2024-05-24 07:11:04 --> CodeIgniter\View\Exceptions\ViewException: Invalid file: "news/add.php"
[Method: GET, Route: news/add]
in SYSTEMPATH\Exceptions\FrameworkException.php on line 41.
 1 SYSTEMPATH\View\View.php(222): CodeIgniter\Exceptions\FrameworkException::forInvalidFile('news/add.php')
 2 SYSTEMPATH\Common.php(1171): CodeIgniter\View\View->render('news/add', [], true)
 3 APPPATH\Controllers\NewsController.php(33): view('news/add')
 4 SYSTEMPATH\CodeIgniter.php(933): App\Controllers\NewsController->add()
 5 SYSTEMPATH\CodeIgniter.php(509): CodeIgniter\CodeIgniter->runController(Object(App\Controllers\NewsController))
 6 SYSTEMPATH\CodeIgniter.php(355): CodeIgniter\CodeIgniter->handleRequest(null, Object(Config\Cache), false)
 7 SYSTEMPATH\Boot.php(312): CodeIgniter\CodeIgniter->run()
 8 SYSTEMPATH\Boot.php(67): CodeIgniter\Boot::runCodeIgniter(Object(CodeIgniter\CodeIgniter))
 9 FCPATH\index.php(56): CodeIgniter\Boot::bootWeb(Object(Config\Paths))
CRITICAL - 2024-05-24 07:14:10 --> CodeIgniter\View\Exceptions\ViewException: Invalid file: "news/index.php"
[Method: GET, Route: news]
in SYSTEMPATH\Exceptions\FrameworkException.php on line 41.
 1 SYSTEMPATH\View\View.php(222): CodeIgniter\Exceptions\FrameworkException::forInvalidFile('news/index.php')
 2 SYSTEMPATH\Common.php(1171): CodeIgniter\View\View->render('news/index', [], true)
 3 APPPATH\Controllers\NewsController.php(14): view('news/index', [...])
 4 SYSTEMPATH\CodeIgniter.php(933): App\Controllers\NewsController->index()
 5 SYSTEMPATH\CodeIgniter.php(509): CodeIgniter\CodeIgniter->runController(Object(App\Controllers\NewsController))
 6 SYSTEMPATH\CodeIgniter.php(355): CodeIgniter\CodeIgniter->handleRequest(null, Object(Config\Cache), false)
 7 SYSTEMPATH\Boot.php(312): CodeIgniter\CodeIgniter->run()
 8 SYSTEMPATH\Boot.php(67): CodeIgniter\Boot::runCodeIgniter(Object(CodeIgniter\CodeIgniter))
 9 FCPATH\index.php(56): CodeIgniter\Boot::bootWeb(Object(Config\Paths))
CRITICAL - 2024-05-24 07:14:19 --> CodeIgniter\View\Exceptions\ViewException: Invalid file: "news/index.php"
[Method: GET, Route: news]
in SYSTEMPATH\Exceptions\FrameworkException.php on line 41.
 1 SYSTEMPATH\View\View.php(222): CodeIgniter\Exceptions\FrameworkException::forInvalidFile('news/index.php')
 2 SYSTEMPATH\Common.php(1171): CodeIgniter\View\View->render('news/index', [], true)
 3 APPPATH\Controllers\NewsController.php(14): view('news/index', [...])
 4 SYSTEMPATH\CodeIgniter.php(933): App\Controllers\NewsController->index()
 5 SYSTEMPATH\CodeIgniter.php(509): CodeIgniter\CodeIgniter->runController(Object(App\Controllers\NewsController))
 6 SYSTEMPATH\CodeIgniter.php(355): CodeIgniter\CodeIgniter->handleRequest(null, Object(Config\Cache), false)
 7 SYSTEMPATH\Boot.php(312): CodeIgniter\CodeIgniter->run()
 8 SYSTEMPATH\Boot.php(67): CodeIgniter\Boot::runCodeIgniter(Object(CodeIgniter\CodeIgniter))
 9 FCPATH\index.php(56): CodeIgniter\Boot::bootWeb(Object(Config\Paths))
CRITICAL - 2024-05-24 07:15:35 --> ErrorException: Undefined variable $news
[Method: GET, Route: news]
in APPPATH\Views\newsview.php on line 17.
 1 APPPATH\Views\newsview.php(17): CodeIgniter\Debug\Exceptions->errorHandler(2, 'Undefined variable $news', 'D:\\wamp64\\www\\codeigniter4\\app\\Views\\newsview.php', 17)
 2 SYSTEMPATH\View\View.php(234): include('D:\\wamp64\\www\\codeigniter4\\app\\Views\\newsview.php')
 3 SYSTEMPATH\View\View.php(237): CodeIgniter\View\View->CodeIgniter\View\{closure}()
 4 SYSTEMPATH\Common.php(1171): CodeIgniter\View\View->render('newsview', [], true)
 5 APPPATH\Controllers\Home.php(61): view('newsview')
 6 SYSTEMPATH\CodeIgniter.php(933): App\Controllers\Home->news()
 7 SYSTEMPATH\CodeIgniter.php(509): CodeIgniter\CodeIgniter->runController(Object(App\Controllers\Home))
 8 SYSTEMPATH\CodeIgniter.php(355): CodeIgniter\CodeIgniter->handleRequest(null, Object(Config\Cache), false)
 9 SYSTEMPATH\Boot.php(312): CodeIgniter\CodeIgniter->run()
10 SYSTEMPATH\Boot.php(67): CodeIgniter\Boot::runCodeIgniter(Object(CodeIgniter\CodeIgniter))
11 FCPATH\index.php(56): CodeIgniter\Boot::bootWeb(Object(Config\Paths))
CRITICAL - 2024-05-24 07:15:42 --> ErrorException: Undefined variable $news
[Method: GET, Route: news]
in APPPATH\Views\newsview.php on line 17.
 1 APPPATH\Views\newsview.php(17): CodeIgniter\Debug\Exceptions->errorHandler(2, 'Undefined variable $news', 'D:\\wamp64\\www\\codeigniter4\\app\\Views\\newsview.php', 17)
 2 SYSTEMPATH\View\View.php(234): include('D:\\wamp64\\www\\codeigniter4\\app\\Views\\newsview.php')
 3 SYSTEMPATH\View\View.php(237): CodeIgniter\View\View->CodeIgniter\View\{closure}()
 4 SYSTEMPATH\Common.php(1171): CodeIgniter\View\View->render('newsview', [], true)
 5 APPPATH\Controllers\Home.php(61): view('newsview')
 6 SYSTEMPATH\CodeIgniter.php(933): App\Controllers\Home->news()
 7 SYSTEMPATH\CodeIgniter.php(509): CodeIgniter\CodeIgniter->runController(Object(App\Controllers\Home))
 8 SYSTEMPATH\CodeIgniter.php(355): CodeIgniter\CodeIgniter->handleRequest(null, Object(Config\Cache), false)
 9 SYSTEMPATH\Boot.php(312): CodeIgniter\CodeIgniter->run()
10 SYSTEMPATH\Boot.php(67): CodeIgniter\Boot::runCodeIgniter(Object(CodeIgniter\CodeIgniter))
11 FCPATH\index.php(56): CodeIgniter\Boot::bootWeb(Object(Config\Paths))
CRITICAL - 2024-05-24 07:15:43 --> ErrorException: Undefined variable $news
[Method: GET, Route: news]
in APPPATH\Views\newsview.php on line 17.
 1 APPPATH\Views\newsview.php(17): CodeIgniter\Debug\Exceptions->errorHandler(2, 'Undefined variable $news', 'D:\\wamp64\\www\\codeigniter4\\app\\Views\\newsview.php', 17)
 2 SYSTEMPATH\View\View.php(234): include('D:\\wamp64\\www\\codeigniter4\\app\\Views\\newsview.php')
 3 SYSTEMPATH\View\View.php(237): CodeIgniter\View\View->CodeIgniter\View\{closure}()
 4 SYSTEMPATH\Common.php(1171): CodeIgniter\View\View->render('newsview', [], true)
 5 APPPATH\Controllers\Home.php(61): view('newsview')
 6 SYSTEMPATH\CodeIgniter.php(933): App\Controllers\Home->news()
 7 SYSTEMPATH\CodeIgniter.php(509): CodeIgniter\CodeIgniter->runController(Object(App\Controllers\Home))
 8 SYSTEMPATH\CodeIgniter.php(355): CodeIgniter\CodeIgniter->handleRequest(null, Object(Config\Cache), false)
 9 SYSTEMPATH\Boot.php(312): CodeIgniter\CodeIgniter->run()
10 SYSTEMPATH\Boot.php(67): CodeIgniter\Boot::runCodeIgniter(Object(CodeIgniter\CodeIgniter))
11 FCPATH\index.php(56): CodeIgniter\Boot::bootWeb(Object(Config\Paths))
CRITICAL - 2024-05-24 07:15:43 --> ErrorException: Undefined variable $news
[Method: GET, Route: news]
in APPPATH\Views\newsview.php on line 17.
 1 APPPATH\Views\newsview.php(17): CodeIgniter\Debug\Exceptions->errorHandler(2, 'Undefined variable $news', 'D:\\wamp64\\www\\codeigniter4\\app\\Views\\newsview.php', 17)
 2 SYSTEMPATH\View\View.php(234): include('D:\\wamp64\\www\\codeigniter4\\app\\Views\\newsview.php')
 3 SYSTEMPATH\View\View.php(237): CodeIgniter\View\View->CodeIgniter\View\{closure}()
 4 SYSTEMPATH\Common.php(1171): CodeIgniter\View\View->render('newsview', [], true)
 5 APPPATH\Controllers\Home.php(61): view('newsview')
 6 SYSTEMPATH\CodeIgniter.php(933): App\Controllers\Home->news()
 7 SYSTEMPATH\CodeIgniter.php(509): CodeIgniter\CodeIgniter->runController(Object(App\Controllers\Home))
 8 SYSTEMPATH\CodeIgniter.php(355): CodeIgniter\CodeIgniter->handleRequest(null, Object(Config\Cache), false)
 9 SYSTEMPATH\Boot.php(312): CodeIgniter\CodeIgniter->run()
10 SYSTEMPATH\Boot.php(67): CodeIgniter\Boot::runCodeIgniter(Object(CodeIgniter\CodeIgniter))
11 FCPATH\index.php(56): CodeIgniter\Boot::bootWeb(Object(Config\Paths))
CRITICAL - 2024-05-24 07:15:43 --> ErrorException: Undefined variable $news
[Method: GET, Route: news]
in APPPATH\Views\newsview.php on line 17.
 1 APPPATH\Views\newsview.php(17): CodeIgniter\Debug\Exceptions->errorHandler(2, 'Undefined variable $news', 'D:\\wamp64\\www\\codeigniter4\\app\\Views\\newsview.php', 17)
 2 SYSTEMPATH\View\View.php(234): include('D:\\wamp64\\www\\codeigniter4\\app\\Views\\newsview.php')
 3 SYSTEMPATH\View\View.php(237): CodeIgniter\View\View->CodeIgniter\View\{closure}()
 4 SYSTEMPATH\Common.php(1171): CodeIgniter\View\View->render('newsview', [], true)
 5 APPPATH\Controllers\Home.php(61): view('newsview')
 6 SYSTEMPATH\CodeIgniter.php(933): App\Controllers\Home->news()
 7 SYSTEMPATH\CodeIgniter.php(509): CodeIgniter\CodeIgniter->runController(Object(App\Controllers\Home))
 8 SYSTEMPATH\CodeIgniter.php(355): CodeIgniter\CodeIgniter->handleRequest(null, Object(Config\Cache), false)
 9 SYSTEMPATH\Boot.php(312): CodeIgniter\CodeIgniter->run()
10 SYSTEMPATH\Boot.php(67): CodeIgniter\Boot::runCodeIgniter(Object(CodeIgniter\CodeIgniter))
11 FCPATH\index.php(56): CodeIgniter\Boot::bootWeb(Object(Config\Paths))
CRITICAL - 2024-05-24 07:15:55 --> ErrorException: Undefined variable $news
[Method: GET, Route: news]
in APPPATH\Views\newsview.php on line 17.
 1 APPPATH\Views\newsview.php(17): CodeIgniter\Debug\Exceptions->errorHandler(2, 'Undefined variable $news', 'D:\\wamp64\\www\\codeigniter4\\app\\Views\\newsview.php', 17)
 2 SYSTEMPATH\View\View.php(234): include('D:\\wamp64\\www\\codeigniter4\\app\\Views\\newsview.php')
 3 SYSTEMPATH\View\View.php(237): CodeIgniter\View\View->CodeIgniter\View\{closure}()
 4 SYSTEMPATH\Common.php(1171): CodeIgniter\View\View->render('newsview', [], true)
 5 APPPATH\Controllers\Home.php(61): view('newsview')
 6 SYSTEMPATH\CodeIgniter.php(933): App\Controllers\Home->news()
 7 SYSTEMPATH\CodeIgniter.php(509): CodeIgniter\CodeIgniter->runController(Object(App\Controllers\Home))
 8 SYSTEMPATH\CodeIgniter.php(355): CodeIgniter\CodeIgniter->handleRequest(null, Object(Config\Cache), false)
 9 SYSTEMPATH\Boot.php(312): CodeIgniter\CodeIgniter->run()
10 SYSTEMPATH\Boot.php(67): CodeIgniter\Boot::runCodeIgniter(Object(CodeIgniter\CodeIgniter))
11 FCPATH\index.php(56): CodeIgniter\Boot::bootWeb(Object(Config\Paths))
CRITICAL - 2024-05-24 07:16:09 --> ErrorException: Undefined variable $news
[Method: GET, Route: news.php]
in APPPATH\Views\newsview.php on line 17.
 1 APPPATH\Views\newsview.php(17): CodeIgniter\Debug\Exceptions->errorHandler(2, 'Undefined variable $news', 'D:\\wamp64\\www\\codeigniter4\\app\\Views\\newsview.php', 17)
 2 SYSTEMPATH\View\View.php(234): include('D:\\wamp64\\www\\codeigniter4\\app\\Views\\newsview.php')
 3 SYSTEMPATH\View\View.php(237): CodeIgniter\View\View->CodeIgniter\View\{closure}()
 4 SYSTEMPATH\Common.php(1171): CodeIgniter\View\View->render('newsview', [], true)
 5 APPPATH\Controllers\Home.php(61): view('newsview')
 6 SYSTEMPATH\CodeIgniter.php(933): App\Controllers\Home->news()
 7 SYSTEMPATH\CodeIgniter.php(509): CodeIgniter\CodeIgniter->runController(Object(App\Controllers\Home))
 8 SYSTEMPATH\CodeIgniter.php(355): CodeIgniter\CodeIgniter->handleRequest(null, Object(Config\Cache), false)
 9 SYSTEMPATH\Boot.php(312): CodeIgniter\CodeIgniter->run()
10 SYSTEMPATH\Boot.php(67): CodeIgniter\Boot::runCodeIgniter(Object(CodeIgniter\CodeIgniter))
11 FCPATH\index.php(56): CodeIgniter\Boot::bootWeb(Object(Config\Paths))
